2026-04-10 22:46:03,038 [INFO] Connected to MongoDB
2026-04-10 22:46:03,047 [INFO] Connected to MongoDB
2026-04-10 22:46:18,455 [INFO] Login attempt: hardycapel
2026-04-10 22:46:18,726 [INFO] User 'hardycapel' authenticated successfully
2026-04-10 22:46:18,961 [INFO] Building sidebar: user='hardycapel'
2026-04-10 22:46:18,961 [DEBUG] Registering sidebar item: label='Log Viewer', required_permission='logs.read'
2026-04-10 22:46:18,961 [DEBUG] Sidebar item stored: label='Log Viewer', factory='<function MainApp._build_sidebar.<locals>.<lambda> at 0x000002126C43DC60>'
2026-04-10 22:46:18,963 [INFO] Sidebar item added: label='Log Viewer', user='hardycapel'
2026-04-10 22:46:18,964 [DEBUG] Registering sidebar item: label='Admin Control Panel', required_permission='admin.access'
2026-04-10 22:46:18,964 [DEBUG] Sidebar item stored: label='Admin Control Panel', factory='<function MainApp._build_sidebar.<locals>.<lambda> at 0x000002126C4ACA40>'
2026-04-10 22:46:18,964 [INFO] Sidebar item added: label='Admin Control Panel', user='hardycapel'
2026-04-10 22:46:18,964 [INFO] MainApp started: user='hardycapel'
2026-04-10 22:46:22,624 [INFO] Sidebar clicked: user='hardycapel', label='Log Viewer'
2026-04-10 22:46:22,625 [INFO] Opening new window: user='hardycapel', window='<function MainApp._build_sidebar.<locals>.<lambda> at 0x000002126C43DC60>'
2026-04-10 22:46:22,626 [DEBUG] Registering admin page: page='Viewer', required_permission='None'
2026-04-10 22:46:22,626 [DEBUG] Admin page stored: page='Viewer', factory='<class 'ui.pages.log_viewer_page.LogViewerPage'>'
2026-04-10 22:46:22,626 [INFO] Admin page added: user='hardycapel', page='Viewer'
2026-04-10 22:46:24,496 [INFO] Admin sidebar clicked: user='hardycapel', page='Viewer'
2026-04-10 22:46:24,497 [INFO] Opening admin page: user='hardycapel', page='<class 'ui.pages.log_viewer_page.LogViewerPage'>'
2026-04-10 22:46:24,522 [INFO] LogViewerPage loaded
2026-04-10 22:46:59,100 [INFO] Sidebar clicked: user='hardycapel', label='Admin Control Panel'
2026-04-10 22:46:59,100 [INFO] Opening new window: user='hardycapel', window='<function MainApp._build_sidebar.<locals>.<lambda> at 0x000002126C4ACA40>'
2026-04-10 22:46:59,101 [INFO] AdminControlWindow opened: user='hardycapel'
2026-04-10 22:46:59,102 [DEBUG] AdminControlWindow: setting up pages: user='hardycapel'
2026-04-10 22:46:59,102 [DEBUG] Registering admin page: page='Users', required_permission='users.read'
2026-04-10 22:46:59,102 [DEBUG] Admin page stored: page='Users', factory='<function AdminControlWindow._setup_pages.<locals>.<lambda> at 0x000002126C43D120>'
2026-04-10 22:46:59,102 [INFO] Admin page added: user='hardycapel', page='Users'
2026-04-10 22:46:59,103 [DEBUG] Registering admin page: page='Roles', required_permission='permissions.read'
2026-04-10 22:46:59,103 [DEBUG] Admin page stored: page='Roles', factory='<class 'ui.pages.admin.roles_page.RolesPage'>'
2026-04-10 22:46:59,103 [INFO] Admin page added: user='hardycapel', page='Roles'
2026-04-10 22:46:59,103 [DEBUG] Registering admin page: page='Permissions', required_permission='permissions.write'
2026-04-10 22:46:59,103 [DEBUG] Admin page stored: page='Permissions', factory='<class 'ui.pages.admin.permissions_page.PermissionsPage'>'
2026-04-10 22:46:59,103 [INFO] Admin page added: user='hardycapel', page='Permissions'
2026-04-10 22:46:59,103 [DEBUG] Registering admin page: page='Audit Log', required_permission='logs.read'
2026-04-10 22:46:59,103 [DEBUG] Admin page stored: page='Audit Log', factory='<class 'ui.pages.admin.audit_log_page.AuditLogPage'>'
2026-04-10 22:46:59,103 [INFO] Admin page added: user='hardycapel', page='Audit Log'
2026-04-10 22:47:00,630 [INFO] Admin sidebar clicked: user='hardycapel', page='Users'
2026-04-10 22:47:00,630 [INFO] Opening admin page: user='hardycapel', page='<function AdminControlWindow._setup_pages.<locals>.<lambda> at 0x000002126C43D120>'
2026-04-10 22:47:00,679 [INFO] Connected to MongoDB
2026-04-10 22:47:00,683 [INFO] Connected to MongoDB
2026-04-10 22:47:00,705 [INFO] Loading users from MongoDB…
2026-04-10 22:47:00,726 [INFO] Loaded 2 users.
2026-04-10 22:47:08,353 [INFO] Connected to MongoDB
2026-04-10 22:47:18,425 [ERROR] Failed to update user: MongoService.update_user() missing 1 required positional argument: 'performed_by'
2026-04-10 22:48:26,464 [INFO] Connected to MongoDB
2026-04-10 22:48:36,619 [ERROR] Failed to update user: MongoService.update_user() missing 1 required positional argument: 'performed_by'
2026-04-11 22:32:52,615 [INFO] Connected to MongoDB
2026-04-11 22:32:52,620 [INFO] Connected to MongoDB
2026-04-11 22:33:08,149 [INFO] Login attempt: hardycapel
2026-04-11 22:33:08,429 [INFO] User 'hardycapel' authenticated successfully
2026-04-11 22:33:08,728 [INFO] Building sidebar: user='hardycapel'
2026-04-11 22:33:08,728 [DEBUG] Registering sidebar item: label='Log Viewer', required_permission='logs.read'
2026-04-11 22:33:08,728 [DEBUG] Sidebar item stored: label='Log Viewer', factory='<function MainApp._build_sidebar.<locals>.<lambda> at 0x0000024E39B8DC60>'
2026-04-11 22:33:08,730 [INFO] Sidebar item added: label='Log Viewer', user='hardycapel'
2026-04-11 22:33:08,730 [DEBUG] Registering sidebar item: label='Admin Control Panel', required_permission='admin.access'
2026-04-11 22:33:08,730 [DEBUG] Sidebar item stored: label='Admin Control Panel', factory='<function MainApp._build_sidebar.<locals>.<lambda> at 0x0000024E39BFCA40>'
2026-04-11 22:33:08,731 [INFO] Sidebar item added: label='Admin Control Panel', user='hardycapel'
2026-04-11 22:33:08,731 [INFO] MainApp started: user='hardycapel'
2026-04-11 22:33:10,955 [INFO] Sidebar clicked: user='hardycapel', label='Admin Control Panel'
2026-04-11 22:33:10,955 [INFO] Opening new window: user='hardycapel', window='<function MainApp._build_sidebar.<locals>.<lambda> at 0x0000024E39BFCA40>'
2026-04-11 22:33:10,955 [INFO] AdminControlWindow opened: user='hardycapel'
2026-04-11 22:33:10,956 [DEBUG] AdminControlWindow: setting up pages: user='hardycapel'
2026-04-11 22:33:10,956 [DEBUG] Registering admin page: page='Users', required_permission='users.read'
2026-04-11 22:33:10,956 [DEBUG] Admin page stored: page='Users', factory='<function AdminControlWindow._setup_pages.<locals>.<lambda> at 0x0000024E39B8DE40>'
2026-04-11 22:33:10,957 [INFO] Admin page added: user='hardycapel', page='Users'
2026-04-11 22:33:10,957 [DEBUG] Registering admin page: page='Roles', required_permission='permissions.read'
2026-04-11 22:33:10,957 [DEBUG] Admin page stored: page='Roles', factory='<class 'ui.pages.admin.roles_page.RolesPage'>'
2026-04-11 22:33:10,957 [INFO] Admin page added: user='hardycapel', page='Roles'
2026-04-11 22:33:10,957 [DEBUG] Registering admin page: page='Permissions', required_permission='permissions.write'
2026-04-11 22:33:10,957 [DEBUG] Admin page stored: page='Permissions', factory='<class 'ui.pages.admin.permissions_page.PermissionsPage'>'
2026-04-11 22:33:10,957 [INFO] Admin page added: user='hardycapel', page='Permissions'
2026-04-11 22:33:10,957 [DEBUG] Registering admin page: page='Audit Log', required_permission='logs.read'
2026-04-11 22:33:10,957 [DEBUG] Admin page stored: page='Audit Log', factory='<class 'ui.pages.admin.audit_log_page.AuditLogPage'>'
2026-04-11 22:33:10,957 [INFO] Admin page added: user='hardycapel', page='Audit Log'
2026-04-11 22:33:12,164 [INFO] Admin sidebar clicked: user='hardycapel', page='Users'
2026-04-11 22:33:12,164 [INFO] Opening admin page: user='hardycapel', page='<function AdminControlWindow._setup_pages.<locals>.<lambda> at 0x0000024E39B8DE40>'
2026-04-11 22:33:12,208 [INFO] Connected to MongoDB
2026-04-11 22:33:12,211 [INFO] Connected to MongoDB
2026-04-11 22:33:12,237 [INFO] Loading users from MongoDB…
2026-04-11 22:33:12,265 [INFO] Loaded 2 users.
2026-04-11 22:33:20,489 [INFO] Connected to MongoDB
2026-04-11 22:33:43,711 [ERROR] Failed to update user: 'EditUserDialog' object has no attribute 'current_user'
2026-04-11 23:02:20,210 [INFO] Connected to MongoDB
2026-04-11 23:02:20,220 [INFO] Connected to MongoDB
2026-04-11 23:02:34,695 [INFO] Login attempt: hardycapel
2026-04-11 23:02:35,009 [INFO] User 'hardycapel' authenticated successfully
2026-04-11 23:02:35,085 [INFO] Building sidebar: user='hardycapel'
2026-04-11 23:02:35,085 [DEBUG] Registering sidebar item: label='Log Viewer', required_permission='logs.read'
2026-04-11 23:02:35,085 [DEBUG] Sidebar item stored: label='Log Viewer', factory='<function MainApp._build_sidebar.<locals>.<lambda> at 0x00000249EE1EDC60>'
2026-04-11 23:02:35,085 [INFO] Sidebar item added: label='Log Viewer', user='hardycapel'
2026-04-11 23:02:35,085 [DEBUG] Registering sidebar item: label='Admin Control Panel', required_permission='admin.access'
2026-04-11 23:02:35,085 [DEBUG] Sidebar item stored: label='Admin Control Panel', factory='<function MainApp._build_sidebar.<locals>.<lambda> at 0x00000249EE25CA40>'
2026-04-11 23:02:35,085 [INFO] Sidebar item added: label='Admin Control Panel', user='hardycapel'
2026-04-11 23:02:35,086 [INFO] MainApp started: user='hardycapel'
2026-04-11 23:02:37,850 [INFO] Sidebar clicked: user='hardycapel', label='Admin Control Panel'
2026-04-11 23:02:37,850 [INFO] Opening new window: user='hardycapel', window='<function MainApp._build_sidebar.<locals>.<lambda> at 0x00000249EE25CA40>'
2026-04-11 23:02:37,850 [INFO] AdminControlWindow opened: user='hardycapel'
2026-04-11 23:02:37,852 [DEBUG] AdminControlWindow: setting up pages: user='hardycapel'
2026-04-11 23:02:37,852 [DEBUG] Registering admin page: page='Users', required_permission='users.read'
2026-04-11 23:02:37,852 [DEBUG] Admin page stored: page='Users', factory='<function AdminControlWindow._setup_pages.<locals>.<lambda> at 0x00000249EE1EDE40>'
2026-04-11 23:02:37,852 [INFO] Admin page added: user='hardycapel', page='Users'
2026-04-11 23:02:37,852 [DEBUG] Registering admin page: page='Roles', required_permission='permissions.read'
2026-04-11 23:02:37,852 [DEBUG] Admin page stored: page='Roles', factory='<class 'ui.pages.admin.roles_page.RolesPage'>'
2026-04-11 23:02:37,852 [INFO] Admin page added: user='hardycapel', page='Roles'
2026-04-11 23:02:37,852 [DEBUG] Registering admin page: page='Permissions', required_permission='permissions.write'
2026-04-11 23:02:37,852 [DEBUG] Admin page stored: page='Permissions', factory='<class 'ui.pages.admin.permissions_page.PermissionsPage'>'
2026-04-11 23:02:37,853 [INFO] Admin page added: user='hardycapel', page='Permissions'
2026-04-11 23:02:37,853 [DEBUG] Registering admin page: page='Audit Log', required_permission='logs.read'
2026-04-11 23:02:37,853 [DEBUG] Admin page stored: page='Audit Log', factory='<class 'ui.pages.admin.audit_log_page.AuditLogPage'>'
2026-04-11 23:02:37,853 [INFO] Admin page added: user='hardycapel', page='Audit Log'
2026-04-11 23:02:39,628 [INFO] Admin sidebar clicked: user='hardycapel', page='Users'
2026-04-11 23:02:39,628 [INFO] Opening admin page: user='hardycapel', page='<function AdminControlWindow._setup_pages.<locals>.<lambda> at 0x00000249EE1EDE40>'
2026-04-11 23:02:39,636 [INFO] Connected to MongoDB
2026-04-11 23:02:39,639 [INFO] Connected to MongoDB
2026-04-11 23:02:39,654 [INFO] Loading users from MongoDB…
2026-04-11 23:02:39,663 [INFO] Loaded 2 users.
2026-04-11 23:02:43,459 [INFO] Connected to MongoDB
2026-04-11 23:02:49,761 [INFO] User updated: by='hardycapel', target='wilma', fields='username, email, role, permissions, status, theme'
2026-04-11 23:02:49,761 [INFO] User 'wilma' updated successfully.
2026-04-11 23:03:24,004 [INFO] Loading users from MongoDB…
2026-04-11 23:03:24,010 [INFO] Loaded 2 users.
2026-04-12 10:12:04,489 [INFO] Sidebar clicked: user='hardycapel', label='Admin Control Panel'
2026-04-12 10:12:04,494 [INFO] Window reused: user='hardycapel', window='<function MainApp._build_sidebar.<locals>.<lambda> at 0x00000249EE25CA40>'
